14:52:33,690  INFO main DataManagerEJBTest:setUp:27 - creating EJB container
14:52:38,768  INFO main DataManagerEJB:<init>:31 - DataManager ejb created
14:52:40,022  INFO main DataManagerEJBTest:setUp:32 - EJB container has been created
14:52:40,023  INFO main DataManagerEJBTest:testSave:39 - Test saving entities in DB
14:52:40,025  INFO main DataManagerEJB:<init>:31 - DataManager ejb created
14:52:40,087  INFO main DataManagerEJB:delete:98 - Get object of class [ class ru.intrface.movieactors.model.Actor ] with id [651 ]
14:52:40,102  INFO main DataManagerEJBTest:tearDown:56 - Shutdown EJB container
17:50:19,311  INFO main DataManagerEJBTest:setUp:27 - creating EJB container
17:50:44,519  INFO main DataManagerEJB:<init>:31 - DataManager ejb created
17:50:45,810  INFO main DataManagerEJBTest:setUp:32 - EJB container has been created
17:50:45,810  INFO main DataManagerEJBTest:testSave:39 - Test saving entities in DB
17:50:45,813  INFO main DataManagerEJB:<init>:31 - DataManager ejb created
17:50:45,874  INFO main DataManagerEJB:delete:98 - Get object of class [ class ru.intrface.movieactors.model.Actor ] with id [701 ]
17:50:45,889  INFO main DataManagerEJBTest:tearDown:56 - Shutdown EJB container
17:53:37,946  INFO main DataManagerEJBTest:setUp:27 - creating EJB container
17:53:42,681  INFO main DataManagerEJB:<init>:31 - DataManager ejb created
17:53:43,891  INFO main DataManagerEJBTest:setUp:32 - EJB container has been created
17:53:43,892  INFO main DataManagerEJBTest:testSave:39 - Test saving entities in DB
17:53:43,894  INFO main DataManagerEJB:<init>:31 - DataManager ejb created
17:53:43,956  INFO main DataManagerEJB:delete:98 - Get object of class [ class ru.intrface.movieactors.model.Actor ] with id [751 ]
17:53:43,971  INFO main DataManagerEJBTest:tearDown:56 - Shutdown EJB container
17:58:56,813  INFO main DataManagerEJBTest:setUp:27 - creating EJB container
17:59:02,892  INFO main DataManagerEJB:<init>:31 - DataManager ejb created
17:59:04,072  INFO main DataManagerEJBTest:setUp:32 - EJB container has been created
17:59:04,072  INFO main DataManagerEJBTest:testSave:39 - Test saving entities in DB
17:59:04,075  INFO main DataManagerEJB:<init>:31 - DataManager ejb created
17:59:04,137  INFO main DataManagerEJB:delete:98 - Get object of class [ class ru.intrface.movieactors.model.Actor ] with id [801 ]
17:59:04,152  INFO main DataManagerEJBTest:tearDown:56 - Shutdown EJB container
18:04:44,759  INFO main DataManagerEJBTest:setUp:27 - creating EJB container
18:04:52,237  INFO main DataManagerEJB:<init>:31 - DataManager ejb created
18:04:53,395  INFO main DataManagerEJBTest:setUp:32 - EJB container has been created
18:04:53,395  INFO main DataManagerEJBTest:testSave:39 - Test saving entities in DB
18:04:53,398  INFO main DataManagerEJB:<init>:31 - DataManager ejb created
18:04:53,458  INFO main DataManagerEJB:delete:98 - Get object of class [ class ru.intrface.movieactors.model.Actor ] with id [851 ]
18:04:53,472  INFO main DataManagerEJBTest:tearDown:56 - Shutdown EJB container
18:10:06,555  INFO main DataManagerEJBTest:setUp:27 - creating EJB container
18:10:12,888  INFO main DataManagerEJB:<init>:31 - DataManager ejb created
18:10:14,077  INFO main DataManagerEJBTest:setUp:32 - EJB container has been created
18:10:14,077  INFO main DataManagerEJBTest:testSave:39 - Test saving entities in DB
18:10:14,080  INFO main DataManagerEJB:<init>:31 - DataManager ejb created
18:10:14,155  INFO main DataManagerEJB:delete:98 - Get object of class [ class ru.intrface.movieactors.model.Actor ] with id [901 ]
18:10:14,170  INFO main DataManagerEJBTest:tearDown:56 - Shutdown EJB container
18:12:14,520  INFO main DataManagerEJBTest:setUp:27 - creating EJB container
18:12:22,272  INFO main DataManagerEJB:<init>:31 - DataManager ejb created
18:12:23,460  INFO main DataManagerEJBTest:setUp:32 - EJB container has been created
18:12:23,460  INFO main DataManagerEJBTest:testSave:39 - Test saving entities in DB
18:12:23,463  INFO main DataManagerEJB:<init>:31 - DataManager ejb created
18:12:23,524  INFO main DataManagerEJB:delete:98 - Get object of class [ class ru.intrface.movieactors.model.Actor ] with id [951 ]
18:12:23,539  INFO main DataManagerEJBTest:tearDown:56 - Shutdown EJB container
19:00:51,491  INFO main DataManagerEJBTest:setUp:27 - creating EJB container
19:00:58,740  INFO main DataManagerEJB:<init>:31 - DataManager ejb created
19:00:59,865  INFO main DataManagerEJBTest:setUp:32 - EJB container has been created
19:00:59,865  INFO main DataManagerEJBTest:testSave:39 - Test saving entities in DB
19:00:59,868  INFO main DataManagerEJB:<init>:31 - DataManager ejb created
19:00:59,929  INFO main DataManagerEJB:delete:98 - Get object of class [ class ru.intrface.movieactors.model.Actor ] with id [1001 ]
19:00:59,944  INFO main DataManagerEJBTest:tearDown:56 - Shutdown EJB container
19:02:36,038  INFO main DataManagerEJBTest:setUp:27 - creating EJB container
19:02:48,915  INFO main DataManagerEJB:<init>:31 - DataManager ejb created
19:02:50,111  INFO main DataManagerEJBTest:setUp:32 - EJB container has been created
19:02:50,111  INFO main DataManagerEJBTest:testSave:39 - Test saving entities in DB
19:02:50,114  INFO main DataManagerEJB:<init>:31 - DataManager ejb created
19:02:50,175  INFO main DataManagerEJB:delete:98 - Get object of class [ class ru.intrface.movieactors.model.Actor ] with id [1051 ]
19:02:50,190  INFO main DataManagerEJBTest:tearDown:56 - Shutdown EJB container
19:03:45,504  INFO main DataManagerEJBTest:setUp:27 - creating EJB container
19:03:50,306  INFO main DataManagerEJB:<init>:31 - DataManager ejb created
19:03:51,486  INFO main DataManagerEJBTest:setUp:32 - EJB container has been created
19:03:51,487  INFO main DataManagerEJBTest:testSave:39 - Test saving entities in DB
19:03:51,489  INFO main DataManagerEJB:<init>:31 - DataManager ejb created
19:03:51,551  INFO main DataManagerEJB:delete:98 - Get object of class [ class ru.intrface.movieactors.model.Actor ] with id [1101 ]
19:03:51,566  INFO main DataManagerEJBTest:tearDown:56 - Shutdown EJB container
19:04:40,092  INFO main DataManagerEJBTest:setUp:27 - creating EJB container
19:04:45,149  INFO main DataManagerEJB:<init>:31 - DataManager ejb created
19:04:46,276  INFO main DataManagerEJBTest:setUp:32 - EJB container has been created
19:04:46,276  INFO main DataManagerEJBTest:testSave:39 - Test saving entities in DB
19:04:46,279  INFO main DataManagerEJB:<init>:31 - DataManager ejb created
19:04:46,341  INFO main DataManagerEJB:delete:98 - Get object of class [ class ru.intrface.movieactors.model.Actor ] with id [1151 ]
19:04:46,364  INFO main DataManagerEJBTest:tearDown:56 - Shutdown EJB container
19:05:55,887  INFO main DataManagerEJBTest:setUp:27 - creating EJB container
19:06:00,667  INFO main DataManagerEJB:<init>:31 - DataManager ejb created
19:06:01,780  INFO main DataManagerEJBTest:setUp:32 - EJB container has been created
19:06:01,780  INFO main DataManagerEJBTest:testSave:39 - Test saving entities in DB
19:06:01,783  INFO main DataManagerEJB:<init>:31 - DataManager ejb created
19:06:01,853  INFO main DataManagerEJB:delete:98 - Get object of class [ class ru.intrface.movieactors.model.Actor ] with id [1201 ]
19:06:01,868  INFO main DataManagerEJBTest:tearDown:56 - Shutdown EJB container
16:39:01,857  INFO main DataManagerEJBTest:setUp:27 - creating EJB container
16:39:07,727  INFO main DataManagerEJB:<init>:31 - DataManager ejb created
16:39:09,270  INFO main DataManagerEJBTest:setUp:32 - EJB container has been created
16:39:09,270  INFO main DataManagerEJBTest:testSave:39 - Test saving entities in DB
16:39:09,273  INFO main DataManagerEJB:<init>:31 - DataManager ejb created
16:39:09,386  INFO main DataManagerEJB:delete:98 - Get object of class [ class ru.intrface.movieactors.model.Actor ] with id [1451 ]
16:39:09,450  INFO main DataManagerEJBTest:tearDown:56 - Shutdown EJB container
17:12:59,227  INFO main DataManagerEJBTest:setUp:27 - creating EJB container
17:13:21,431  INFO main DataManagerEJB:<init>:31 - DataManager ejb created
17:13:22,973  INFO main DataManagerEJBTest:setUp:32 - EJB container has been created
17:13:22,973  INFO main DataManagerEJBTest:testSave:39 - Test saving entities in DB
17:13:22,976  INFO main DataManagerEJB:<init>:31 - DataManager ejb created
17:13:23,038  INFO main DataManagerEJB:delete:98 - Get object of class [ class ru.intrface.movieactors.model.Actor ] with id [1501 ]
17:13:23,052  INFO main DataManagerEJBTest:tearDown:56 - Shutdown EJB container
18:28:58,401  INFO main DataManagerEJBTest:setUp:27 - creating EJB container
18:29:20,353  INFO main DataManagerEJB:<init>:31 - DataManager ejb created
18:29:21,635  INFO main DataManagerEJBTest:setUp:32 - EJB container has been created
18:29:21,635  INFO main DataManagerEJBTest:testSave:39 - Test saving entities in DB
18:29:21,638  INFO main DataManagerEJB:<init>:31 - DataManager ejb created
18:29:21,700  INFO main DataManagerEJB:delete:98 - Get object of class [ class ru.intrface.movieactors.model.Actor ] with id [1551 ]
18:29:21,714  INFO main DataManagerEJBTest:tearDown:56 - Shutdown EJB container
18:47:18,357  INFO main DataManagerEJBTest:setUp:27 - creating EJB container
18:47:43,579  INFO main DataManagerEJB:<init>:31 - DataManager ejb created
18:47:44,955  INFO main DataManagerEJBTest:setUp:32 - EJB container has been created
18:47:44,955  INFO main DataManagerEJBTest:testSave:39 - Test saving entities in DB
18:47:44,957  INFO main DataManagerEJB:<init>:31 - DataManager ejb created
18:47:45,020  INFO main DataManagerEJB:delete:98 - Get object of class [ class ru.intrface.movieactors.model.Actor ] with id [1601 ]
18:47:45,034  INFO main DataManagerEJBTest:tearDown:56 - Shutdown EJB container
16:46:15,896  INFO main DataManagerEJBTest:setUp:27 - creating EJB container
16:46:39,048  INFO main DataManagerEJB:<init>:31 - DataManager ejb created
16:46:39,204  INFO main DataManagerEJBTest:setUp:32 - EJB container has been created
16:46:39,204  INFO main DataManagerEJBTest:testSave:39 - Test saving entities in DB
16:46:39,207  INFO main DataManagerEJB:<init>:31 - DataManager ejb created
16:46:39,240  INFO main DataManagerEJBTest:tearDown:56 - Shutdown EJB container
16:47:26,442  INFO main DataManagerEJBTest:setUp:27 - creating EJB container
16:47:31,628  INFO main DataManagerEJB:<init>:31 - DataManager ejb created
16:47:31,820  INFO main DataManagerEJBTest:setUp:32 - EJB container has been created
16:47:31,820  INFO main DataManagerEJBTest:testSave:39 - Test saving entities in DB
16:47:31,823  INFO main DataManagerEJB:<init>:31 - DataManager ejb created
16:47:31,842  INFO main DataManagerEJBTest:tearDown:56 - Shutdown EJB container
17:11:17,876  INFO main DataManagerEJBTest:setUp:27 - creating EJB container
17:11:24,206  INFO main DataManagerEJB:<init>:31 - DataManager ejb created
17:11:26,286  INFO main DataManagerEJBTest:setUp:32 - EJB container has been created
17:11:26,286  INFO main DataManagerEJBTest:testSave:39 - Test saving entities in DB
17:11:26,288  INFO main DataManagerEJB:<init>:31 - DataManager ejb created
17:11:26,394  INFO main DataManagerEJB:delete:98 - Get object of class [ class ru.intrface.movieactors.model.Actor ] with id [1 ]
17:11:26,417  INFO main DataManagerEJBTest:tearDown:56 - Shutdown EJB container
18:05:29,459  INFO main DataManagerEJBTest:setUp:26 - creating EJB container
18:05:36,457  INFO main DataManagerEJB:<init>:31 - DataManager ejb created
18:05:37,602  INFO main DataManagerEJBTest:setUp:32 - EJB container has been created
18:05:37,603  INFO main DataManagerEJBTest:tearDown:37 - Shutdown EJB container
18:05:37,632  INFO main DataManagerEJBTest:setUp:27 - creating EJB container
18:05:40,741  INFO main DataManagerEJB:<init>:31 - DataManager ejb created
18:05:41,892  INFO main DataManagerEJBTest:setUp:32 - EJB container has been created
18:05:41,892  INFO main DataManagerEJBTest:testSave:39 - Test saving entities in DB
18:05:41,894  INFO main DataManagerEJB:<init>:31 - DataManager ejb created
18:05:41,944  INFO main DataManagerEJB:delete:98 - Get object of class [ class ru.intrface.movieactors.model.Actor ] with id [51 ]
18:05:41,956  INFO main DataManagerEJBTest:tearDown:56 - Shutdown EJB container
18:07:31,356  INFO main DataManagerEJBTest:setUp:26 - creating EJB container
18:07:36,876  INFO main DataManagerEJB:<init>:31 - DataManager ejb created
18:07:38,079  INFO main DataManagerEJBTest:setUp:32 - EJB container has been created
18:07:38,099  INFO main DataManagerEJBTest:tearDown:37 - Shutdown EJB container
18:07:38,131  INFO main DataManagerEJBTest:setUp:27 - creating EJB container
18:07:40,514  INFO main DataManagerEJB:<init>:31 - DataManager ejb created
18:07:41,628  INFO main DataManagerEJBTest:setUp:32 - EJB container has been created
18:07:41,629  INFO main DataManagerEJBTest:testSave:39 - Test saving entities in DB
18:07:41,629  INFO main DataManagerEJB:<init>:31 - DataManager ejb created
18:07:41,673  INFO main DataManagerEJB:delete:98 - Get object of class [ class ru.intrface.movieactors.model.Actor ] with id [101 ]
18:07:41,679  INFO main DataManagerEJBTest:tearDown:56 - Shutdown EJB container
18:11:14,889  INFO main DataManagerEJBTest:setUp:24 - creating EJB container
18:11:19,323  INFO main DataManagerEJB:<init>:31 - DataManager ejb created
18:11:20,553  INFO main DataManagerEJBTest:setUp:30 - EJB container has been created
18:11:20,572  INFO main DataManagerEJBTest:tearDown:35 - Shutdown EJB container
18:11:20,602  INFO main DataManagerEJBTest:setUp:27 - creating EJB container
18:11:23,264  INFO main DataManagerEJB:<init>:31 - DataManager ejb created
18:11:24,235  INFO main DataManagerEJBTest:setUp:32 - EJB container has been created
18:11:24,235  INFO main DataManagerEJBTest:testSave:39 - Test saving entities in DB
18:11:24,236  INFO main DataManagerEJB:<init>:31 - DataManager ejb created
18:11:24,279  INFO main DataManagerEJB:delete:98 - Get object of class [ class ru.intrface.movieactors.model.Actor ] with id [151 ]
18:11:24,286  INFO main DataManagerEJBTest:tearDown:56 - Shutdown EJB container
18:16:19,850  INFO main DataManagerEJBTest:setUp:24 - creating EJB container
18:16:24,743  INFO main DataManagerEJB:<init>:31 - DataManager ejb created
18:16:26,040  INFO main DataManagerEJBTest:setUp:30 - EJB container has been created
18:16:26,052  INFO main DataManagerEJBTest:tearDown:35 - Shutdown EJB container
18:16:26,086  INFO main DataManagerEJBTest:setUp:27 - creating EJB container
18:16:28,646  INFO main DataManagerEJB:<init>:31 - DataManager ejb created
18:16:29,705  INFO main DataManagerEJBTest:setUp:32 - EJB container has been created
18:16:29,706  INFO main DataManagerEJBTest:testSave:39 - Test saving entities in DB
18:16:29,707  INFO main DataManagerEJB:<init>:31 - DataManager ejb created
18:16:29,749  INFO main DataManagerEJB:delete:98 - Get object of class [ class ru.intrface.movieactors.model.Actor ] with id [201 ]
18:16:29,756  INFO main DataManagerEJBTest:tearDown:56 - Shutdown EJB container
18:18:13,643  INFO main DataManagerEJBTest:setUp:24 - creating EJB container
18:18:18,072  INFO main DataManagerEJB:<init>:31 - DataManager ejb created
18:18:19,391  INFO main DataManagerEJBTest:setUp:30 - EJB container has been created
18:18:19,391  INFO main DataManagerEJBTest:tearDown:35 - Shutdown EJB container
18:18:19,418  INFO main DataManagerEJBTest:setUp:27 - creating EJB container
18:18:21,579  INFO main DataManagerEJB:<init>:31 - DataManager ejb created
18:18:22,582  INFO main DataManagerEJBTest:setUp:32 - EJB container has been created
18:18:22,582  INFO main DataManagerEJBTest:testSave:39 - Test saving entities in DB
18:18:22,585  INFO main DataManagerEJB:<init>:31 - DataManager ejb created
18:18:22,635  INFO main DataManagerEJB:delete:98 - Get object of class [ class ru.intrface.movieactors.model.Actor ] with id [251 ]
18:18:22,642  INFO main DataManagerEJBTest:tearDown:56 - Shutdown EJB container
19:52:24,603  INFO main DataManagerEJBTest:setUp:24 - creating EJB container
19:52:32,349  INFO main DataManagerEJB:<init>:31 - DataManager ejb created
19:52:32,383  INFO main DataManagerEJBTest:setUp:30 - EJB container has been created
19:52:32,383  INFO main DataManagerEJBTest:tearDown:35 - Shutdown EJB container
19:52:32,409  INFO main DataManagerEJBTest:setUp:26 - creating EJB container
19:52:35,376  INFO main DataManagerEJB:<init>:31 - DataManager ejb created
19:52:35,400  INFO main DataManagerEJBTest:setUp:31 - EJB container has been created
19:52:35,401  INFO main DataManagerEJBTest:testSave:38 - Test saving entities in DB
19:52:35,403  INFO main DataManagerEJB:<init>:31 - DataManager ejb created
19:52:35,671  INFO main DataManagerEJB:delete:98 - Get object of class [ class ru.intrface.movieactors.model.Actor ] with id [301 ]
19:52:35,678  INFO main DataManagerEJBTest:tearDown:55 - Shutdown EJB container
19:53:40,155  INFO main DataManagerEJBTest:setUp:26 - creating EJB container
19:53:45,981  INFO main DataManagerEJB:<init>:31 - DataManager ejb created
19:53:46,004  INFO main DataManagerEJBTest:setUp:31 - EJB container has been created
19:53:50,101  INFO main DataManagerEJBTest:testSave:38 - Test saving entities in DB
19:53:56,471  INFO main DataManagerEJB:<init>:31 - DataManager ejb created
19:56:20,513  INFO main DataManagerEJB:delete:98 - Get object of class [ class ru.intrface.movieactors.model.Actor ] with id [351 ]
19:56:20,578  INFO main DataManagerEJBTest:tearDown:55 - Shutdown EJB container
19:56:42,392  INFO main DataManagerEJBTest:setUp:26 - creating EJB container
19:56:47,894  INFO main DataManagerEJB:<init>:31 - DataManager ejb created
19:56:47,925  INFO main DataManagerEJBTest:setUp:31 - EJB container has been created
19:56:51,320  INFO main DataManagerEJBTest:testSave:38 - Test saving entities in DB
19:56:58,249  INFO main DataManagerEJB:<init>:31 - DataManager ejb created
19:57:44,363  INFO main DataManagerEJBTest:tearDown:55 - Shutdown EJB container
19:58:22,944  INFO main DataManagerEJBTest:setUp:24 - creating EJB container
19:58:28,131  INFO main DataManagerEJB:<init>:31 - DataManager ejb created
19:58:28,152  INFO main DataManagerEJBTest:setUp:30 - EJB container has been created
19:58:28,152  INFO main DataManagerEJBTest:tearDown:35 - Shutdown EJB container
19:58:28,177  INFO main DataManagerEJBTest:setUp:26 - creating EJB container
19:58:31,338  INFO main DataManagerEJB:<init>:31 - DataManager ejb created
19:58:31,352  INFO main DataManagerEJBTest:setUp:31 - EJB container has been created
19:58:31,352  INFO main DataManagerEJBTest:testSave:38 - Test saving entities in DB
19:58:31,355  INFO main DataManagerEJB:<init>:31 - DataManager ejb created
19:58:31,638  INFO main DataManagerEJBTest:tearDown:55 - Shutdown EJB container
20:03:49,833  INFO main DataManagerEJBTest:setUp:24 - creating EJB container
20:03:55,569  INFO main DataManagerEJB:<init>:31 - DataManager ejb created
20:03:55,600  INFO main DataManagerEJBTest:setUp:30 - EJB container has been created
20:03:55,600  INFO main DataManagerEJBTest:tearDown:35 - Shutdown EJB container
20:03:55,626  INFO main DataManagerEJBTest:setUp:26 - creating EJB container
20:03:58,730  INFO main DataManagerEJB:<init>:31 - DataManager ejb created
20:03:58,784  INFO main DataManagerEJBTest:setUp:31 - EJB container has been created
20:03:58,785  INFO main DataManagerEJBTest:testSave:38 - Test saving entities in DB
20:03:58,788  INFO main DataManagerEJB:<init>:31 - DataManager ejb created
20:03:59,062  INFO main DataManagerEJBTest:tearDown:55 - Shutdown EJB container
12:51:16,462  INFO main DataManagerEJBTest:setUp:22 - creating EJB container
12:51:38,732  INFO main DataManagerEJB:<init>:31 - DataManager ejb created
12:51:38,753  INFO main DataManagerEJBTest:setUp:28 - EJB container has been created
12:51:38,753  INFO main DataManagerEJBTest:tearDown:33 - Shutdown EJB container
12:51:38,779  INFO main DataManagerEJBTest:setUp:26 - creating EJB container
12:51:41,719  INFO main DataManagerEJB:<init>:31 - DataManager ejb created
12:51:41,759  INFO main DataManagerEJBTest:setUp:31 - EJB container has been created
12:51:41,759  INFO main DataManagerEJBTest:testSave:38 - Test saving entities in DB
12:51:41,762  INFO main DataManagerEJB:<init>:31 - DataManager ejb created
12:51:42,052  INFO main DataManagerEJBTest:tearDown:55 - Shutdown EJB container
12:52:43,448  INFO main DataManagerEJBTest:setUp:22 - creating EJB container
12:52:48,362  INFO main DataManagerEJB:<init>:31 - DataManager ejb created
12:52:48,434  INFO main DataManagerEJBTest:setUp:28 - EJB container has been created
12:52:48,435  INFO main DataManagerEJBTest:tearDown:33 - Shutdown EJB container
12:52:48,460  INFO main DataManagerEJBTest:setUp:26 - creating EJB container
12:52:51,551  INFO main DataManagerEJB:<init>:31 - DataManager ejb created
12:52:51,564  INFO main DataManagerEJBTest:setUp:31 - EJB container has been created
12:52:51,564  INFO main DataManagerEJBTest:testSave:38 - Test saving entities in DB
12:52:51,567  INFO main DataManagerEJB:<init>:31 - DataManager ejb created
12:52:51,906  INFO main DataManagerEJBTest:tearDown:55 - Shutdown EJB container
12:53:18,937  INFO main DataManagerEJBTest:setUp:26 - creating EJB container
12:53:23,666  INFO main DataManagerEJB:<init>:31 - DataManager ejb created
12:53:23,689  INFO main DataManagerEJBTest:setUp:31 - EJB container has been created
12:53:26,280  INFO main DataManagerEJBTest:testSave:38 - Test saving entities in DB
12:53:31,902  INFO main DataManagerEJB:<init>:31 - DataManager ejb created
12:54:31,966  INFO main DataManagerEJBTest:tearDown:55 - Shutdown EJB container
12:54:35,583  INFO main DataManagerEJBTest:setUp:26 - creating EJB container
12:54:40,409  INFO main DataManagerEJB:<init>:31 - DataManager ejb created
12:54:40,430  INFO main DataManagerEJBTest:setUp:31 - EJB container has been created
12:54:44,280  INFO main DataManagerEJBTest:testSave:38 - Test saving entities in DB
12:55:04,656  INFO main DataManagerEJB:<init>:31 - DataManager ejb created
12:56:12,165  INFO main DataManagerEJBTest:tearDown:55 - Shutdown EJB container
13:10:55,559  INFO main DataManagerEJBTest:setUp:22 - creating EJB container
13:11:02,257  INFO main DataManagerEJB:<init>:31 - DataManager ejb created
13:11:02,278  INFO main DataManagerEJBTest:setUp:28 - EJB container has been created
13:11:02,278  INFO main DataManagerEJBTest:tearDown:33 - Shutdown EJB container
13:11:30,508  INFO main DataManagerEJBTest:setUp:26 - creating EJB container
13:11:35,135  INFO main DataManagerEJB:<init>:31 - DataManager ejb created
13:11:35,202  INFO main DataManagerEJBTest:setUp:31 - EJB container has been created
13:11:35,202  INFO main DataManagerEJBTest:testSave:38 - Test saving entities in DB
13:11:35,205  INFO main DataManagerEJB:<init>:31 - DataManager ejb created
13:11:35,828  INFO main DataManagerEJBTest:tearDown:55 - Shutdown EJB container
13:11:55,975  INFO main DataManagerEJBTest:setUp:26 - creating EJB container
13:12:00,594  INFO main DataManagerEJB:<init>:31 - DataManager ejb created
13:12:00,628  INFO main DataManagerEJBTest:setUp:31 - EJB container has been created
13:12:00,628  INFO main DataManagerEJBTest:testSave:38 - Test saving entities in DB
13:12:00,631  INFO main DataManagerEJB:<init>:31 - DataManager ejb created
13:12:00,945  INFO main DataManagerEJBTest:tearDown:55 - Shutdown EJB container
13:12:23,210  INFO main DataManagerEJBTest:setUp:26 - creating EJB container
13:12:27,714  INFO main DataManagerEJB:<init>:31 - DataManager ejb created
13:12:27,746  INFO main DataManagerEJBTest:setUp:31 - EJB container has been created
13:12:27,746  INFO main DataManagerEJBTest:testSave:38 - Test saving entities in DB
13:12:27,749  INFO main DataManagerEJB:<init>:31 - DataManager ejb created
13:12:28,044  INFO main DataManagerEJB:delete:98 - Get object of class [ class ru.intrface.movieactors.model.Actor ] with id [851 ]
13:12:28,076  INFO main DataManagerEJBTest:tearDown:55 - Shutdown EJB container
13:13:30,766  INFO main DataManagerEJBTest:setUp:22 - creating EJB container
13:13:35,684  INFO main DataManagerEJB:<init>:31 - DataManager ejb created
13:13:35,705  INFO main DataManagerEJBTest:setUp:28 - EJB container has been created
13:13:35,705  INFO main DataManagerEJBTest:tearDown:33 - Shutdown EJB container
13:13:35,731  INFO main DataManagerEJBTest:setUp:26 - creating EJB container
13:13:38,568  INFO main DataManagerEJB:<init>:31 - DataManager ejb created
13:13:38,582  INFO main DataManagerEJBTest:setUp:31 - EJB container has been created
13:13:38,582  INFO main DataManagerEJBTest:testSave:38 - Test saving entities in DB
13:13:38,585  INFO main DataManagerEJB:<init>:31 - DataManager ejb created
13:13:38,859  INFO main DataManagerEJB:delete:98 - Get object of class [ class ru.intrface.movieactors.model.Actor ] with id [901 ]
13:13:38,871  INFO main DataManagerEJBTest:tearDown:52 - Shutdown EJB container
13:14:30,034  INFO main DataManagerEJBTest:tearDown:33 - Shutdown EJB container
13:14:30,040  INFO main DataManagerEJBTest:setUp:26 - creating EJB container
13:14:34,618  INFO main DataManagerEJB:<init>:31 - DataManager ejb created
13:14:34,639  INFO main DataManagerEJBTest:setUp:31 - EJB container has been created
13:14:34,639  INFO main DataManagerEJBTest:testSave:38 - Test saving entities in DB
13:14:34,642  INFO main DataManagerEJB:<init>:31 - DataManager ejb created
13:14:34,933  INFO main DataManagerEJB:delete:98 - Get object of class [ class ru.intrface.movieactors.model.Actor ] with id [951 ]
13:14:34,948  INFO main DataManagerEJBTest:tearDown:52 - Shutdown EJB container
13:18:44,220  INFO main DataManagerEJBTest:tearDown:33 - Shutdown EJB container
13:18:44,228  INFO main DataManagerEJBTest:setUp:26 - creating EJB container
13:18:49,400  INFO main DataManagerEJB:<init>:31 - DataManager ejb created
13:18:49,433  INFO main DataManagerEJBTest:setUp:31 - EJB container has been created
13:18:49,434  INFO main DataManagerEJBTest:testSave:38 - Test saving entities in DB
13:18:49,436  INFO main DataManagerEJB:<init>:31 - DataManager ejb created
13:18:49,734  INFO main DataManagerEJB:delete:98 - Get object of class [ class ru.intrface.movieactors.model.Actor ] with id [1001 ]
13:18:49,749  INFO main DataManagerEJBTest:tearDown:52 - Shutdown EJB container
13:27:07,934  INFO main DataManagerEJBTest:tearDown:33 - Shutdown EJB container
13:27:07,940  INFO main DataManagerEJBTest:setUp:26 - creating EJB container
13:27:13,766  INFO main DataManagerEJB:<init>:31 - DataManager ejb created
13:27:13,800  INFO main DataManagerEJBTest:setUp:31 - EJB container has been created
13:27:13,800  INFO main DataManagerEJBTest:testSave:38 - Test saving entities in DB
13:27:13,802  INFO main DataManagerEJB:<init>:31 - DataManager ejb created
13:27:14,383  INFO main DataManagerEJB:delete:98 - Get object of class [ class ru.intrface.movieactors.model.Actor ] with id [1051 ]
13:27:14,406  INFO main DataManagerEJBTest:tearDown:52 - Shutdown EJB container
13:29:22,410  INFO main DataManagerEJBTest:tearDown:33 - Shutdown EJB container
13:29:22,416  INFO main DataManagerEJBTest:setUp:26 - creating EJB container
13:29:27,340  INFO main DataManagerEJB:<init>:31 - DataManager ejb created
13:29:27,374  INFO main DataManagerEJBTest:setUp:31 - EJB container has been created
13:29:27,374  INFO main DataManagerEJBTest:testSave:38 - Test saving entities in DB
13:29:27,376  INFO main DataManagerEJB:<init>:31 - DataManager ejb created
13:29:27,665  INFO main DataManagerEJB:delete:98 - Get object of class [ class ru.intrface.movieactors.model.Actor ] with id [1101 ]
13:29:27,680  INFO main DataManagerEJBTest:tearDown:52 - Shutdown EJB container
13:32:52,312  INFO main DataManagerEJBTest:tearDown:33 - Shutdown EJB container
13:32:52,319  INFO main DataManagerEJBTest:setUp:26 - creating EJB container
13:32:57,213  INFO main DataManagerEJB:<init>:31 - DataManager ejb created
13:32:57,244  INFO main DataManagerEJBTest:setUp:31 - EJB container has been created
13:32:57,245  INFO main DataManagerEJBTest:testSave:38 - Test saving entities in DB
13:32:57,247  INFO main DataManagerEJB:<init>:31 - DataManager ejb created
13:32:57,542  INFO main DataManagerEJB:delete:98 - Get object of class [ class ru.intrface.movieactors.model.Actor ] with id [1151 ]
13:32:57,556  INFO main DataManagerEJBTest:tearDown:52 - Shutdown EJB container
13:34:29,346  INFO main DataManagerEJBTest:tearDown:33 - Shutdown EJB container
13:34:29,352  INFO main DataManagerEJBTest:setUp:26 - creating EJB container
13:34:33,966  INFO main DataManagerEJB:<init>:31 - DataManager ejb created
13:34:33,998  INFO main DataManagerEJBTest:setUp:31 - EJB container has been created
13:34:33,998  INFO main DataManagerEJBTest:testSave:38 - Test saving entities in DB
13:34:34,001  INFO main DataManagerEJB:<init>:31 - DataManager ejb created
13:34:34,317  INFO main DataManagerEJB:delete:98 - Get object of class [ class ru.intrface.movieactors.model.Actor ] with id [1201 ]
13:34:34,332  INFO main DataManagerEJBTest:tearDown:52 - Shutdown EJB container
13:36:54,228  INFO main DataManagerEJBTest:tearDown:33 - Shutdown EJB container
13:36:54,234  INFO main DataManagerEJBTest:setUp:26 - creating EJB container
13:36:58,989  INFO main DataManagerEJB:<init>:31 - DataManager ejb created
13:36:59,009  INFO main DataManagerEJBTest:setUp:31 - EJB container has been created
13:36:59,010  INFO main DataManagerEJBTest:testSave:38 - Test saving entities in DB
13:36:59,012  INFO main DataManagerEJB:<init>:31 - DataManager ejb created
13:36:59,305  INFO main DataManagerEJB:delete:98 - Get object of class [ class ru.intrface.movieactors.model.Actor ] with id [1251 ]
13:36:59,320  INFO main DataManagerEJBTest:tearDown:52 - Shutdown EJB container
13:39:39,112  INFO main DataManagerEJBTest:tearDown:33 - Shutdown EJB container
13:39:39,118  INFO main DataManagerEJBTest:setUp:26 - creating EJB container
13:39:44,463  INFO main DataManagerEJB:<init>:31 - DataManager ejb created
13:39:44,497  INFO main DataManagerEJBTest:setUp:31 - EJB container has been created
13:39:44,497  INFO main DataManagerEJBTest:testSave:38 - Test saving entities in DB
13:39:44,500  INFO main DataManagerEJB:<init>:31 - DataManager ejb created
13:39:44,799  INFO main DataManagerEJB:delete:98 - Get object of class [ class ru.intrface.movieactors.model.Actor ] with id [1301 ]
13:39:44,814  INFO main DataManagerEJBTest:tearDown:52 - Shutdown EJB container
16:49:29,241  INFO main DataManagerEJBTest:tearDown:33 - Shutdown EJB container
16:49:29,247  INFO main DataManagerEJBTest:setUp:26 - creating EJB container
16:49:34,291  INFO main DataManagerEJB:<init>:31 - DataManager ejb created
16:49:34,312  INFO main DataManagerEJBTest:setUp:31 - EJB container has been created
16:49:34,313  INFO main DataManagerEJBTest:testSave:38 - Test saving entities in DB
16:49:34,315  INFO main DataManagerEJB:<init>:31 - DataManager ejb created
16:49:34,614  INFO main DataManagerEJB:delete:98 - Get object of class [ class ru.intrface.movieactors.model.Actor ] with id [1351 ]
16:49:34,629  INFO main DataManagerEJBTest:tearDown:52 - Shutdown EJB container
16:58:45,661  INFO main DataManagerEJBTest:tearDown:33 - Shutdown EJB container
16:58:45,667  INFO main DataManagerEJBTest:setUp:26 - creating EJB container
16:58:50,740  INFO main DataManagerEJB:<init>:31 - DataManager ejb created
16:58:50,773  INFO main DataManagerEJBTest:setUp:31 - EJB container has been created
16:58:50,774  INFO main DataManagerEJBTest:testSave:38 - Test saving entities in DB
16:58:50,776  INFO main DataManagerEJB:<init>:31 - DataManager ejb created
16:58:51,081  INFO main DataManagerEJB:delete:98 - Get object of class [ class ru.intrface.movieactors.model.Actor ] with id [1401 ]
16:58:51,095  INFO main DataManagerEJBTest:tearDown:52 - Shutdown EJB container
17:04:39,674  INFO main DataManagerEJBTest:tearDown:33 - Shutdown EJB container
17:04:39,681  INFO main DataManagerEJBTest:setUp:26 - creating EJB container
17:04:45,384  INFO main DataManagerEJB:<init>:31 - DataManager ejb created
17:04:45,460  INFO main DataManagerEJBTest:setUp:31 - EJB container has been created
17:04:45,460  INFO main DataManagerEJBTest:testSave:38 - Test saving entities in DB
17:04:45,463  INFO main DataManagerEJB:<init>:31 - DataManager ejb created
17:04:45,762  INFO main DataManagerEJB:delete:98 - Get object of class [ class ru.intrface.movieactors.model.Actor ] with id [1451 ]
17:04:45,777  INFO main DataManagerEJBTest:tearDown:52 - Shutdown EJB container
18:00:46,627  INFO main DataManagerEJBTest:tearDown:33 - Shutdown EJB container
18:00:46,639  INFO main DataManagerEJBTest:setUp:26 - creating EJB container
18:00:53,346  INFO main DataManagerEJB:<init>:31 - DataManager ejb created
18:00:53,424  INFO main DataManagerEJBTest:setUp:31 - EJB container has been created
18:00:53,424  INFO main DataManagerEJBTest:testSave:39 - Test saving entities in DB
18:00:53,427  INFO main DataManagerEJB:<init>:31 - DataManager ejb created
18:00:53,741  INFO main DataManagerEJB:delete:98 - Get object of class [ class ru.intrface.movieactors.model.Actor ] with id [1501 ]
18:00:53,755  INFO main DataManagerEJBTest:tearDown:53 - Shutdown EJB container
18:02:16,758  INFO main DataManagerEJBTest:tearDown:33 - Shutdown EJB container
18:02:16,768  INFO main DataManagerEJBTest:setUp:26 - creating EJB container
18:02:21,699  INFO main DataManagerEJB:<init>:31 - DataManager ejb created
18:02:21,720  INFO main DataManagerEJBTest:setUp:31 - EJB container has been created
18:02:21,720  INFO main DataManagerEJBTest:testSave:39 - Test saving entities in DB
18:02:21,723  INFO main DataManagerEJB:<init>:31 - DataManager ejb created
18:02:22,016  INFO main DataManagerEJB:delete:98 - Get object of class [ class ru.intrface.movieactors.model.Actor ] with id [1551 ]
18:02:22,030  INFO main DataManagerEJBTest:tearDown:53 - Shutdown EJB container
18:52:41,394  INFO main BasicAEExecuteHelper:init:23 - BasicAEExecuteHelper initializing... inject EJBs
18:52:41,401  INFO main BasicAEExecuteHelper:init:26 - BasicAEExecuteHelper has been initialized
18:52:51,058  INFO main AEExecuteHelper:analyseDocument:72 - starting analysing file shawshankRed.txt
18:57:33,339  INFO main BasicAEExecuteHelper:init:23 - BasicAEExecuteHelper initializing... inject EJBs
18:57:33,342  INFO main BasicAEExecuteHelper:init:26 - BasicAEExecuteHelper has been initialized
18:57:33,343  INFO main AEExecuteHelper:analyseDocument:72 - starting analysing file shawshankRed.txt
18:58:36,120  INFO main BasicAEExecuteHelper:init:23 - BasicAEExecuteHelper initializing... inject EJBs
18:58:36,123  INFO main BasicAEExecuteHelper:init:26 - BasicAEExecuteHelper has been initialized
18:58:36,123  INFO main AEExecuteHelper:produceAnalysisEngine:34 - Producing analysis engine
18:58:37,132  INFO main AEExecuteHelper:produceAnalysisEngine:42 - Analysis engine has been produced
18:58:37,132  INFO main AEExecuteHelper:analyseDocument:72 - starting analysing file shawshankRed.txt
18:58:37,981  INFO main BasicAEExecuteHelper:annotationProcessing:31 - Processing annotations
18:58:37,981  INFO main AEExecuteHelper:analyseDocument:82 - File has been analysed
19:05:53,917  INFO main DataManagerEJBTest:tearDown:33 - Shutdown EJB container
19:05:53,929  INFO main BasicAEExecuteHelper:init:23 - BasicAEExecuteHelper initializing... inject EJBs
19:05:53,929  INFO main BasicAEExecuteHelper:init:26 - BasicAEExecuteHelper has been initialized
19:05:53,929  INFO main AEExecuteHelper:produceAnalysisEngine:34 - Producing analysis engine
19:05:54,910  INFO main AEExecuteHelper:produceAnalysisEngine:42 - Analysis engine has been produced
19:05:54,910  INFO main AEExecuteHelper:analyseDocument:72 - starting analysing file shawshankRed.txt
19:05:55,730  INFO main BasicAEExecuteHelper:annotationProcessing:31 - Processing annotations
19:05:55,730  INFO main AEExecuteHelper:analyseDocument:82 - File has been analysed
19:05:55,732  INFO main DataManagerEJBTest:setUp:26 - creating EJB container
19:06:02,032  INFO main DataManagerEJB:<init>:31 - DataManager ejb created
19:06:02,065  INFO main DataManagerEJBTest:setUp:31 - EJB container has been created
19:06:02,066  INFO main DataManagerEJBTest:testSave:39 - Test saving entities in DB
19:06:02,068  INFO main DataManagerEJB:<init>:31 - DataManager ejb created
19:06:02,367  INFO main DataManagerEJB:delete:98 - Get object of class [ class ru.intrface.movieactors.model.Actor ] with id [1601 ]
19:06:02,381  INFO main DataManagerEJBTest:tearDown:53 - Shutdown EJB container
13:31:32,840  INFO main DataManagerEJBTest:tearDown:33 - Shutdown EJB container
13:31:32,852  INFO main BasicAEExecuteHelper:init:23 - BasicAEExecuteHelper initializing... inject EJBs
13:31:32,852  INFO main BasicAEExecuteHelper:init:26 - BasicAEExecuteHelper has been initialized
13:31:32,852  INFO main AEExecuteHelper:produceAnalysisEngine:34 - Producing analysis engine
13:31:33,846  INFO main AEExecuteHelper:produceAnalysisEngine:42 - Analysis engine has been produced
13:31:33,846  INFO main AEExecuteHelper:analyseDocument:72 - starting analysing file shawshankRed.txt
13:31:34,690  INFO main BasicAEExecuteHelper:annotationProcessing:31 - Processing annotations
13:31:34,691  INFO main AEExecuteHelper:analyseDocument:82 - File has been analysed
13:31:34,693  INFO main DataManagerEJBTest:setUp:26 - creating EJB container
13:31:57,207  INFO main DataManagerEJB:<init>:31 - DataManager ejb created
13:31:57,280  INFO main DataManagerEJBTest:setUp:31 - EJB container has been created
13:31:57,280  INFO main DataManagerEJBTest:testSave:39 - Test saving entities in DB
13:31:57,283  INFO main DataManagerEJB:<init>:31 - DataManager ejb created
13:31:57,581  INFO main DataManagerEJB:delete:98 - Get object of class [ class ru.intrface.movieactors.model.Actor ] with id [1651 ]
13:31:57,595  INFO main DataManagerEJBTest:tearDown:53 - Shutdown EJB container
13:41:45,973  INFO main DataManagerEJBTest:tearDown:33 - Shutdown EJB container
13:41:45,985  INFO main BasicAEExecuteHelper:init:25 - BasicAEExecuteHelper initializing... inject EJBs
13:41:50,619  INFO main AEExecuteHelper:produceAnalysisEngine:34 - Producing analysis engine
13:41:51,485  INFO main AEExecuteHelper:produceAnalysisEngine:42 - Analysis engine has been produced
13:41:51,485  INFO main AEExecuteHelper:analyseDocument:72 - starting analysing file shawshankRed.txt
13:41:52,043  INFO main BasicAEExecuteHelper:annotationProcessing:33 - Processing annotations
13:41:52,044  INFO main AEExecuteHelper:analyseDocument:82 - File has been analysed
13:41:52,048  INFO main DataManagerEJBTest:setUp:26 - creating EJB container
13:44:35,591  INFO main DataManagerEJBTest:tearDown:33 - Shutdown EJB container
13:44:35,603  INFO main BasicAEExecuteHelper:init:25 - BasicAEExecuteHelper initializing... inject EJBs
13:44:37,992  INFO main AEExecuteHelper:produceAnalysisEngine:34 - Producing analysis engine
13:44:39,281  INFO main AEExecuteHelper:produceAnalysisEngine:42 - Analysis engine has been produced
13:44:39,282  INFO main AEExecuteHelper:analyseDocument:72 - starting analysing file shawshankRed.txt
13:44:40,164  INFO main BasicAEExecuteHelper:annotationProcessing:33 - Processing annotations
13:44:40,164  INFO main AEExecuteHelper:analyseDocument:82 - File has been analysed
13:44:40,166  INFO main DataManagerEJBTest:setUp:26 - creating EJB container
13:45:28,607  INFO main DataManagerEJBTest:tearDown:33 - Shutdown EJB container
13:45:28,619  INFO main DataManagerEJBTest:setUp:26 - creating EJB container
13:45:54,647  INFO main DataManagerEJB:<init>:31 - DataManager ejb created
13:45:54,679  INFO main DataManagerEJBTest:setUp:31 - EJB container has been created
13:45:54,679  INFO main DataManagerEJBTest:testSave:39 - Test saving entities in DB
13:45:54,682  INFO main DataManagerEJB:<init>:31 - DataManager ejb created
13:45:54,973  INFO main DataManagerEJB:delete:98 - Get object of class [ class ru.intrface.movieactors.model.Actor ] with id [1701 ]
13:45:54,988  INFO main DataManagerEJBTest:tearDown:53 - Shutdown EJB container
16:32:13,550  INFO main DataManagerEJBTest:tearDown:33 - Shutdown EJB container
16:32:13,562  INFO main DataManagerEJBTest:setUp:26 - creating EJB container
16:32:37,215  INFO main DataManagerEJB:<init>:31 - DataManager ejb created
16:32:37,235  INFO main DataManagerEJBTest:setUp:31 - EJB container has been created
16:32:37,236  INFO main DataManagerEJBTest:testSave:39 - Test saving entities in DB
16:32:37,238  INFO main DataManagerEJB:<init>:31 - DataManager ejb created
16:32:37,557  INFO main DataManagerEJB:delete:98 - Get object of class [ class ru.intrface.movieactors.model.Actor ] with id [1751 ]
16:32:37,612  INFO main DataManagerEJBTest:tearDown:53 - Shutdown EJB container
16:36:55,437  INFO main DataManagerEJBTest:tearDown:33 - Shutdown EJB container
16:36:55,449  INFO main DataManagerEJBTest:setUp:26 - creating EJB container
16:37:00,777  INFO main DataManagerEJB:<init>:31 - DataManager ejb created
16:37:00,800  INFO main DataManagerEJBTest:setUp:31 - EJB container has been created
16:37:00,800  INFO main DataManagerEJBTest:testSave:39 - Test saving entities in DB
16:37:00,803  INFO main DataManagerEJB:<init>:31 - DataManager ejb created
16:37:01,108  INFO main DataManagerEJB:delete:98 - Get object of class [ class ru.intrface.movieactors.model.Actor ] with id [1801 ]
16:37:01,122  INFO main DataManagerEJBTest:tearDown:53 - Shutdown EJB container
16:40:20,434  INFO main DataManagerEJBTest:tearDown:33 - Shutdown EJB container
16:40:20,446  INFO main DataManagerEJBTest:setUp:26 - creating EJB container
16:40:26,426  INFO main DataManagerEJB:<init>:31 - DataManager ejb created
16:40:26,459  INFO main DataManagerEJBTest:setUp:31 - EJB container has been created
16:40:26,460  INFO main DataManagerEJBTest:testSave:39 - Test saving entities in DB
16:40:26,462  INFO main DataManagerEJB:<init>:31 - DataManager ejb created
16:40:26,772  INFO main DataManagerEJB:delete:98 - Get object of class [ class ru.intrface.movieactors.model.Actor ] with id [1851 ]
16:40:26,786  INFO main DataManagerEJBTest:tearDown:53 - Shutdown EJB container
16:47:57,629  INFO main DataManagerEJBTest:tearDown:33 - Shutdown EJB container
16:47:57,641  INFO main DataManagerEJBTest:setUp:26 - creating EJB container
16:48:04,070  INFO main DataManagerEJB:<init>:31 - DataManager ejb created
16:48:04,148  INFO main DataManagerEJBTest:setUp:31 - EJB container has been created
16:48:04,149  INFO main DataManagerEJBTest:testSave:39 - Test saving entities in DB
16:48:04,152  INFO main DataManagerEJB:<init>:31 - DataManager ejb created
16:48:04,465  INFO main DataManagerEJB:delete:98 - Get object of class [ class ru.intrface.movieactors.model.Actor ] with id [1901 ]
16:48:04,479  INFO main DataManagerEJBTest:tearDown:53 - Shutdown EJB container
17:23:46,069  INFO main DataManagerEJBTest:tearDown:33 - Shutdown EJB container
17:23:46,081  INFO main DataManagerEJBTest:setUp:26 - creating EJB container
17:24:08,218  INFO main DataManagerEJB:<init>:31 - DataManager ejb created
17:24:08,255  INFO main DataManagerEJBTest:setUp:31 - EJB container has been created
17:24:08,255  INFO main DataManagerEJBTest:testSave:39 - Test saving entities in DB
17:24:08,258  INFO main DataManagerEJB:<init>:31 - DataManager ejb created
17:24:08,579  INFO main DataManagerEJB:delete:98 - Get object of class [ class ru.intrface.movieactors.model.Actor ] with id [1951 ]
17:24:08,594  INFO main DataManagerEJBTest:tearDown:53 - Shutdown EJB container
17:40:18,488  INFO main DataManagerEJBTest:tearDown:33 - Shutdown EJB container
17:40:18,500  INFO main DataManagerEJBTest:setUp:26 - creating EJB container
17:40:24,732  INFO main DataManagerEJB:<init>:31 - DataManager ejb created
17:40:26,880  INFO main DataManagerEJBTest:setUp:31 - EJB container has been created
17:40:26,881  INFO main DataManagerEJBTest:testSave:39 - Test saving entities in DB
17:40:26,883  INFO main DataManagerEJB:<init>:31 - DataManager ejb created
17:40:26,964  INFO main DataManagerEJB:delete:98 - Get object of class [ class ru.intrface.movieactors.model.Actor ] with id [1 ]
17:40:26,987  INFO main DataManagerEJBTest:tearDown:53 - Shutdown EJB container
17:51:50,516  INFO main DataManagerEJBTest:tearDown:33 - Shutdown EJB container
17:51:50,527  INFO main DataManagerEJBTest:setUp:26 - creating EJB container
17:52:11,451  INFO main DataManagerEJB:<init>:31 - DataManager ejb created
17:52:13,884  INFO main DataManagerEJBTest:setUp:31 - EJB container has been created
17:52:13,884  INFO main DataManagerEJBTest:testSave:39 - Test saving entities in DB
17:52:13,887  INFO main DataManagerEJB:<init>:31 - DataManager ejb created
17:52:13,976  INFO main DataManagerEJB:delete:98 - Get object of class [ class ru.intrface.movieactors.model.Actor ] with id [1 ]
17:52:13,999  INFO main DataManagerEJBTest:tearDown:53 - Shutdown EJB container
13:58:22,846  INFO main DataManagerEJBTest:tearDown:33 - Shutdown EJB container
13:58:22,858  INFO main DataManagerEJBTest:setUp:26 - creating EJB container
13:58:29,346  INFO main DataManagerEJB:<init>:31 - DataManager ejb created
13:58:32,214  INFO main DataManagerEJBTest:setUp:31 - EJB container has been created
13:58:32,214  INFO main DataManagerEJBTest:testSave:39 - Test saving entities in DB
13:58:32,217  INFO main DataManagerEJB:<init>:31 - DataManager ejb created
13:58:32,356  INFO main DataManagerEJB:delete:98 - Get object of class [ class ru.intrface.movieactors.model.Actor ] with id [1 ]
13:58:32,379  INFO main DataManagerEJBTest:tearDown:53 - Shutdown EJB container
14:06:55,867  INFO main DataManagerEJBTest:tearDown:33 - Shutdown EJB container
14:06:55,878  INFO main DataManagerEJBTest:setUp:26 - creating EJB container
14:08:14,443  INFO main DataManagerEJBTest:tearDown:33 - Shutdown EJB container
14:08:14,455  INFO main DataManagerEJBTest:setUp:26 - creating EJB container
14:09:56,558  INFO main DataManagerEJBTest:tearDown:33 - Shutdown EJB container
14:09:56,570  INFO main DataManagerEJBTest:setUp:26 - creating EJB container
14:11:15,172  INFO main DataManagerEJBTest:tearDown:33 - Shutdown EJB container
14:11:15,183  INFO main DataManagerEJBTest:setUp:26 - creating EJB container
14:11:19,850  INFO main DataManagerEJB:<init>:31 - DataManager ejb created
14:11:22,296  INFO main DataManagerEJBTest:setUp:31 - EJB container has been created
14:11:22,296  INFO main DataManagerEJBTest:testSave:39 - Test saving entities in DB
14:11:22,299  INFO main DataManagerEJB:<init>:31 - DataManager ejb created
14:11:22,397  INFO main DataManagerEJB:delete:98 - Get object of class [ class ru.intrface.movieactors.model.Actor ] with id [1 ]
14:11:22,420  INFO main DataManagerEJBTest:tearDown:53 - Shutdown EJB container
14:17:15,781  INFO main DataManagerEJBTest:tearDown:33 - Shutdown EJB container
14:17:15,793  INFO main DataManagerEJBTest:setUp:26 - creating EJB container
14:17:24,721  INFO main DataManagerEJB:<init>:31 - DataManager ejb created
14:17:27,094  INFO main DataManagerEJBTest:setUp:31 - EJB container has been created
14:17:27,095  INFO main DataManagerEJBTest:testSave:39 - Test saving entities in DB
14:17:27,097  INFO main DataManagerEJB:<init>:31 - DataManager ejb created
14:17:27,161  INFO main DataManagerEJB:delete:98 - Get object of class [ class ru.intrface.movieactors.model.Actor ] with id [1 ]
14:17:27,176  INFO main DataManagerEJBTest:tearDown:53 - Shutdown EJB container
14:21:19,233  INFO main DataManagerEJBTest:tearDown:33 - Shutdown EJB container
14:21:19,244  INFO main DataManagerEJBTest:setUp:26 - creating EJB container
14:21:36,870  INFO main DataManagerEJB:<init>:31 - DataManager ejb created
14:21:39,393  INFO main DataManagerEJBTest:setUp:31 - EJB container has been created
14:21:39,393  INFO main DataManagerEJBTest:testSave:39 - Test saving entities in DB
14:21:39,395  INFO main DataManagerEJB:<init>:31 - DataManager ejb created
14:21:39,527  INFO main DataManagerEJB:delete:98 - Get object of class [ class ru.intrface.movieactors.model.Actor ] with id [1 ]
14:21:39,550  INFO main DataManagerEJBTest:tearDown:53 - Shutdown EJB container
14:29:44,836  INFO main DataManagerEJBTest:tearDown:33 - Shutdown EJB container
14:29:44,848  INFO main DataManagerEJBTest:setUp:26 - creating EJB container
14:29:50,575  INFO main DataManagerEJB:<init>:31 - DataManager ejb created
14:29:52,080  INFO main DataManagerEJBTest:setUp:31 - EJB container has been created
14:29:52,081  INFO main DataManagerEJBTest:testSave:39 - Test saving entities in DB
14:29:52,083  INFO main DataManagerEJB:<init>:31 - DataManager ejb created
14:29:52,145  INFO main DataManagerEJB:delete:98 - Get object of class [ class ru.intrface.movieactors.model.Actor ] with id [51 ]
14:29:52,168  INFO main DataManagerEJBTest:tearDown:53 - Shutdown EJB container
14:37:05,631  INFO main DataManagerEJBTest:tearDown:33 - Shutdown EJB container
14:37:05,642  INFO main DataManagerEJBTest:setUp:26 - creating EJB container
14:37:12,166  INFO main DataManagerEJB:<init>:31 - DataManager ejb created
14:37:13,913  INFO main DataManagerEJBTest:setUp:31 - EJB container has been created
14:37:13,913  INFO main DataManagerEJBTest:testSave:39 - Test saving entities in DB
14:37:13,916  INFO main DataManagerEJB:<init>:31 - DataManager ejb created
14:37:13,978  INFO main DataManagerEJB:delete:98 - Get object of class [ class ru.intrface.movieactors.model.Actor ] with id [101 ]
14:37:14,001  INFO main DataManagerEJBTest:tearDown:53 - Shutdown EJB container
19:28:41,304  INFO main DataManagerEJBTest:tearDown:33 - Shutdown EJB container
19:28:41,316  INFO main DataManagerEJBTest:setUp:26 - creating EJB container
19:29:04,156  INFO main DataManagerEJB:<init>:31 - DataManager ejb created
19:29:05,697  INFO main DataManagerEJBTest:setUp:31 - EJB container has been created
19:29:05,697  INFO main DataManagerEJBTest:testSave:39 - Test saving entities in DB
19:29:05,700  INFO main DataManagerEJB:<init>:31 - DataManager ejb created
19:29:05,762  INFO main DataManagerEJB:delete:98 - Get object of class [ class ru.intrface.movieactors.model.Actor ] with id [151 ]
19:29:05,777  INFO main DataManagerEJBTest:tearDown:53 - Shutdown EJB container
